<?xml version="1.0" encoding="UTF-8"?>
<!-- Generated by org.testng.reporters.JUnitXMLReporter -->
<testsuite ignored="0" hostname="LTIN228261" failures="1" tests="2" name="Test" time="21.614" errors="0" timestamp="2024-01-23T12:13:47 IST">
  <testcase classname="selenium.parallel_Testing.Parallel_Testing" name="testlogo" time="9.706">
    <failure type="java.lang.AssertionError" message="expected [true] but found [false]">
      <![CDATA[java.lang.AssertionError: expected [true] but found [false]
at selenium.parallel_Testing.Parallel_Testing.testlogo(Parallel_Testing.java:45)
at java.base/java.util.ArrayList.forEach(ArrayList.java:1511)
... Removed 34 stack frames]]>
    </failure>
  </testcase> <!-- testlogo -->
  <testcase classname="selenium.parallel_Testing.Parallel_Testing" name="testHomePageTitle" time="0.021"/>
</testsuite> <!-- Test -->
